<?xml version="1.0" encoding="utf-8"?><testsuites name="pytest tests"><testsuite name="pytest" errors="0" failures="0" skipped="0" tests="337" time="294.272" timestamp="2025-10-02T13:38:23.918267+00:00" hostname="runnervm3ublj"><testcase classname="tests.e2e.test_e2e_infrastructure.TestE2EInfrastructure" name="test_postgres_container_ready" time="3.040" /><testcase classname="tests.e2e.test_e2e_infrastructure.TestE2EInfrastructure" name="test_pgvector_extension_available" time="0.108" /><testcase classname="tests.e2e.test_e2e_infrastructure.TestE2EInfrastructure" name="test_database_migrations_applied" time="0.108" /><testcase classname="tests.e2e.test_e2e_infrastructure.TestE2EInfrastructure" name="test_fastapi_testclient_working" time="0.267" /><testcase classname="tests.e2e.test_e2e_infrastructure.TestE2EInfrastructure" name="test_database_session_isolation" time="0.138" /><testcase classname="tests.e2e.test_e2e_infrastructure.TestE2EBasicCRUD" name="test_create_and_retrieve_document" time="0.129" /><testcase classname="tests.e2e.test_e2e_workflows.TestE2EDocumentHierarchy" name="test_e2e_create_document_hierarchy" time="0.172" /><testcase classname="tests.e2e.test_e2e_workflows.TestE2EDocumentHierarchy" name="test_e2e_ripple_effect_propagation" time="0.166" /><testcase classname="tests.e2e.test_e2e_workflows.TestE2EDocumentHierarchy" name="test_e2e_breadcrumb_navigation" time="0.221" /><testcase classname="tests.e2e.test_e2e_workflows.TestE2ERelationshipValidation" name="test_e2e_relationship_validation" time="0.152" /><testcase classname="tests.e2e.test_e2e_workflows.TestE2EPerformance" name="test_e2e_parent_context_aggregation" time="0.181" /><testcase classname="tests.e2e.test_e2e_workflows.TestE2EPerformance" name="test_e2e_large_document_performance" time="0.125" /><testcase classname="tests.e2e.test_e2e_workflows.TestE2ECascadeOperations" name="test_e2e_cascade_delete" time="0.193" /><testcase classname="tests.e2e.test_e2e_workflows.TestE2ESearchAndFilters" name="test_e2e_search_filters" time="0.149" /><testcase classname="tests.e2e.test_e2e_workflows.TestE2EFullWorkflow" name="test_e2e_full_workflow" time="0.227" /><testcase classname="tests.integration.test_chat_websocket.TestChatWebSocket" name="test_websocket_connection_accepted" time="0.008" /><testcase classname="tests.integration.test_chat_websocket.TestChatWebSocket" name="test_websocket_invalid_conversation_id" time="0.007" /><testcase classname="tests.integration.test_chat_websocket.TestChatWebSocket" name="test_websocket_streaming_response" time="0.009" /><testcase classname="tests.integration.test_chat_websocket.TestChatWebSocket" name="test_websocket_missing_message_field" time="0.007" /><testcase classname="tests.integration.test_chat_websocket.TestChatWebSocket" name="test_websocket_invalid_json" time="0.007" /><testcase classname="tests.integration.test_chat_websocket.TestChatWebSocket" name="test_get_chat_history_endpoint" time="0.006" /><testcase classname="tests.integration.test_chat_websocket.TestChatWebSocket" name="test_get_chat_history_invalid_uuid" time="0.004" /><testcase classname="tests.integration.test_chat_workflows" name="test_business_context_rich_info_turn1" time="0.423" /><testcase classname="tests.integration.test_chat_workflows" name="test_business_context_rich_info_turn2" time="0.413" /><testcase classname="tests.integration.test_chat_workflows" name="test_business_context_rich_info_turn3" time="0.412" /><testcase classname="tests.integration.test_chat_workflows" name="test_business_context_sparse_info_turn1" time="0.412" /><testcase classname="tests.integration.test_chat_workflows" name="test_business_context_sparse_info_turn2" time="0.413" /><testcase classname="tests.integration.test_chat_workflows" name="test_business_context_sparse_info_turn3" time="0.414" /><testcase classname="tests.integration.test_chat_workflows" name="test_business_context_domain_knowledge_turn1" time="0.414" /><testcase classname="tests.integration.test_chat_workflows" name="test_business_context_domain_knowledge_turn2" time="0.414" /><testcase classname="tests.integration.test_chat_workflows" name="test_business_context_domain_knowledge_approval" time="0.414" /><testcase classname="tests.integration.test_chat_workflows" name="test_business_context_iterative_refinement" time="0.415" /><testcase classname="tests.integration.test_chat_workflows" name="test_vision_feature_decomposition_turn1" time="0.418" /><testcase classname="tests.integration.test_chat_workflows" name="test_vision_feature_decomposition_turn2" time="0.417" /><testcase classname="tests.integration.test_chat_workflows" name="test_vision_feature_decomposition_turn3" time="0.420" /><testcase classname="tests.integration.test_chat_workflows" name="test_vision_feature_decomposition_combine_features" time="0.415" /><testcase classname="tests.integration.test_chat_workflows" name="test_vision_no_parent_context_turn1" time="0.415" /><testcase classname="tests.integration.test_chat_workflows" name="test_vision_no_parent_context_proceed" time="0.415" /><testcase classname="tests.integration.test_chat_workflows" name="test_vision_no_parent_context_details" time="0.416" /><testcase classname="tests.integration.test_chat_workflows" name="test_testing_strategy_with_research_turn1" time="0.419" /><testcase classname="tests.integration.test_chat_workflows" name="test_testing_strategy_with_research_confirm" time="0.419" /><testcase classname="tests.integration.test_chat_workflows" name="test_testing_strategy_with_research_tech_stack" time="0.419" /><testcase classname="tests.integration.test_chat_workflows" name="test_testing_strategy_no_research_turn1" time="0.416" /><testcase classname="tests.integration.test_chat_workflows" name="test_testing_strategy_no_research_tech_details" time="0.417" /><testcase classname="tests.integration.test_chat_workflows" name="test_testing_strategy_no_research_risk_areas" time="0.418" /><testcase classname="tests.integration.test_chat_workflows" name="test_feature_refinement_add_oauth" time="0.419" /><testcase classname="tests.integration.test_chat_workflows" name="test_feature_refinement_add_mfa" time="0.423" /><testcase classname="tests.integration.test_chat_workflows" name="test_feature_refinement_epic_breakdown" time="0.409" /><testcase classname="tests.integration.test_chat_workflows" name="test_feature_refinement_combine_epics" time="0.412" /><testcase classname="tests.integration.test_chat_workflows" name="test_edge_case_user_confusion" time="0.405" /><testcase classname="tests.integration.test_chat_workflows" name="test_edge_case_off_topic_then_pivot" time="0.404" /><testcase classname="tests.integration.test_chat_workflows" name="test_edge_case_context_switch" time="0.410" /><testcase classname="tests.integration.test_rag_vector_search" name="test_exact_match_postgresql_pgvector" time="3.514" /><testcase classname="tests.integration.test_rag_vector_search" name="test_exact_match_document_type_config" time="3.566" /><testcase classname="tests.integration.test_rag_vector_search" name="test_exact_match_langchain_openai" time="3.447" /><testcase classname="tests.integration.test_rag_vector_search" name="test_exact_match_research_report_workflow" time="3.480" /><testcase classname="tests.integration.test_rag_vector_search" name="test_exact_match_vision_document_workflow" time="3.497" /><testcase classname="tests.integration.test_rag_vector_search" name="test_exact_match_ddd_design_bounded_contexts" time="3.489" /><testcase classname="tests.integration.test_rag_vector_search" name="test_exact_match_testing_strategy_qa" time="3.477" /><testcase classname="tests.integration.test_rag_vector_search" name="test_exact_match_fastapi_jinja2_web" time="3.453" /><testcase classname="tests.integration.test_rag_vector_search" name="test_exact_match_rag_context_retrieval" time="3.551" /><testcase classname="tests.integration.test_rag_vector_search" name="test_exact_match_ripple_effect_propagation" time="3.501" /><testcase classname="tests.integration.test_rag_vector_search" name="test_semantic_document_relationships" time="3.486" /><testcase classname="tests.integration.test_rag_vector_search" name="test_semantic_system_personas" time="3.485" /><testcase classname="tests.integration.test_rag_vector_search" name="test_semantic_ai_document_guidance" time="3.480" /><testcase classname="tests.integration.test_rag_vector_search" name="test_semantic_requirements_change" time="3.482" /><testcase classname="tests.integration.test_rag_vector_search" name="test_semantic_traceability" time="3.437" /><testcase classname="tests.integration.test_rag_vector_search" name="test_semantic_vector_search_implementation" time="3.606" /><testcase classname="tests.integration.test_rag_vector_search" name="test_semantic_user_authentication_permissions" time="3.505" /><testcase classname="tests.integration.test_rag_vector_search" name="test_semantic_export_pdf" time="3.468" /><testcase classname="tests.integration.test_rag_vector_search" name="test_semantic_domain_modeling_banking" time="3.496" /><testcase classname="tests.integration.test_rag_vector_search" name="test_semantic_test_coverage_quality" time="3.469" /><testcase classname="tests.integration.test_rag_vector_search" name="test_semantic_conversation_history" time="3.440" /><testcase classname="tests.integration.test_rag_vector_search" name="test_semantic_document_hierarchy" time="3.444" /><testcase classname="tests.integration.test_rag_vector_search" name="test_semantic_markdown_rendering_ui" time="3.610" /><testcase classname="tests.integration.test_rag_vector_search" name="test_semantic_performance_optimization" time="3.507" /><testcase classname="tests.integration.test_rag_vector_search" name="test_semantic_mvp_timeline" time="3.490" /><testcase classname="tests.integration.test_rag_vector_search" name="test_multi_concept_database_vector_embeddings" time="3.491" /><testcase classname="tests.integration.test_rag_vector_search" name="test_multi_concept_document_workflows_ai" time="3.473" /><testcase classname="tests.integration.test_rag_vector_search" name="test_multi_concept_ui_chat_navigation" time="3.437" /><testcase classname="tests.integration.test_rag_vector_search" name="test_multi_concept_testing_strategy_plans" time="3.453" /><testcase classname="tests.integration.test_rag_vector_search" name="test_multi_concept_langchain_rag_context" time="3.588" /><testcase classname="tests.integration.test_rag_vector_search" name="test_multi_concept_persona_document_types" time="3.494" /><testcase classname="tests.integration.test_rag_vector_search" name="test_multi_concept_change_propagation_versioning" time="3.453" /><testcase classname="tests.integration.test_rag_vector_search" name="test_multi_concept_postgresql_schema_relationships" time="3.454" /><testcase classname="tests.integration.test_rag_vector_search" name="test_multi_concept_vision_decomposition_features" time="3.461" /><testcase classname="tests.integration.test_rag_vector_search" name="test_multi_concept_epic_user_story_workflows" time="3.453" /><testcase classname="tests.integration.test_rag_vector_search" name="test_edge_case_very_short_rag" time="3.451" /><testcase classname="tests.integration.test_rag_vector_search" name="test_edge_case_very_short_ddd" time="3.616" /><testcase classname="tests.integration.test_rag_vector_search" name="test_edge_case_very_long_query" time="3.471" /><testcase classname="tests.integration.test_rag_vector_search" name="test_edge_case_ambiguous_documents" time="3.505" /><testcase classname="tests.integration.test_rag_vector_search" name="test_edge_case_acronym_crud" time="3.562" /><testcase classname="tests.integration.test_rag_vector_search" name="test_edge_case_non_existent_blockchain" time="3.469" /><testcase classname="tests.integration.test_rag_vector_search" name="test_edge_case_off_topic_weather" time="3.477" /><testcase classname="tests.integration.test_rag_vector_search" name="test_edge_case_partial_match_payment" time="3.477" /><testcase classname="tests.integration.test_rag_vector_search" name="test_edge_case_typo_vektor" time="3.552" /><testcase classname="tests.integration.test_rag_vector_search" name="test_edge_case_negative_query" time="3.455" /><testcase classname="tests.integration.test_rag_vector_search" name="test_ranking_postgresql_database" time="3.491" /><testcase classname="tests.integration.test_rag_vector_search" name="test_ranking_qa_testing" time="3.471" /><testcase classname="tests.integration.test_rag_vector_search" name="test_ranking_fastapi_web" time="3.499" /><testcase classname="tests.integration.test_rag_vector_search" name="test_ranking_vision_document" time="3.473" /><testcase classname="tests.integration.test_rag_vector_search" name="test_ranking_user_permissions" time="3.435" /><testcase classname="tests.integration.test_rag_vector_search" name="test_ranking_performance_optimization" time="3.544" /><testcase classname="tests.integration.test_rag_vector_search" name="test_ranking_document_versioning" time="3.472" /><testcase classname="tests.integration.test_rag_vector_search" name="test_ranking_admin_config_ui" time="3.542" /><testcase classname="tests.integration.test_rag_vector_search" name="test_ranking_export_reporting" time="3.480" /><testcase classname="tests.integration.test_rag_vector_search" name="test_ranking_llm_prompts" time="3.471" /><testcase classname="tests.pilot.test_mock_adapters_pilot" name="test_embedding_simple_text" time="3.449" /><testcase classname="tests.pilot.test_mock_adapters_pilot" name="test_embedding_batch" time="3.457" /><testcase classname="tests.pilot.test_mock_adapters_pilot" name="test_embedding_edge_case_empty" time="3.574" /><testcase classname="tests.pilot.test_mock_adapters_pilot" name="test_chat_simple_prompt" time="0.412" /><testcase classname="tests.pilot.test_mock_adapters_pilot" name="test_chat_multi_turn" time="0.412" /><testcase classname="tests.pilot.test_mock_adapters_pilot" name="test_chat_streaming" time="0.415" /><testcase classname="tests.pilot.test_mock_adapters_pilot" name="test_mock_mode_no_api_key_required" time="3.489" /><testcase classname="tests.pilot.test_mock_adapters_pilot" name="test_deterministic_responses" time="3.463" /><testcase classname="tests.pilot.test_mock_adapters_pilot" name="test_provider_type" time="3.865" /><testcase classname="tests.pilot.test_mock_adapters_pilot" name="test_performance_baseline" time="3.457" /><testcase classname="tests.test_api_foundation.TestHealthCheck" name="test_health_check_returns_200" time="0.026" /><testcase classname="tests.test_api_foundation.TestHealthCheck" name="test_health_check_structure" time="0.016" /><testcase classname="tests.test_api_foundation.TestHealthCheck" name="test_db_health_check_returns_200" time="0.028" /><testcase classname="tests.test_api_foundation.TestOpenAPIDocumentation" name="test_openapi_docs_available" time="0.015" /><testcase classname="tests.test_api_foundation.TestOpenAPIDocumentation" name="test_openapi_json_available" time="0.044" /><testcase classname="tests.test_api_foundation.TestOpenAPIDocumentation" name="test_redoc_available" time="0.014" /><testcase classname="tests.test_api_foundation.TestCORSMiddleware" name="test_cors_headers_present" time="0.015" /><testcase classname="tests.test_api_foundation.TestCORSMiddleware" name="test_cors_allows_all_origins" time="0.014" /><testcase classname="tests.test_api_foundation.TestExceptionHandlers" name="test_404_not_found" time="0.014" /><testcase classname="tests.test_api_foundation.TestExceptionHandlers" name="test_validation_error_format" time="0.016" /><testcase classname="tests.test_api_foundation.TestExceptionHandlers" name="test_database_error_handling" time="0.013" /><testcase classname="tests.test_api_foundation.TestDatabaseDependency" name="test_get_db_dependency_works" time="0.017" /><testcase classname="tests.test_api_foundation.TestDatabaseDependency" name="test_get_db_closes_connection" time="0.010" /><testcase classname="tests.test_api_foundation.TestApplicationStructure" name="test_app_title_and_version" time="0.001" /><testcase classname="tests.test_api_foundation.TestApplicationStructure" name="test_docs_enabled" time="0.001" /><testcase classname="tests.test_api_foundation.TestApplicationStructure" name="test_middleware_configured" time="0.001" /><testcase classname="tests.test_database_base.TestBaseModel" name="test_to_dict_basic" time="0.001" /><testcase classname="tests.test_database_base.TestBaseModel" name="test_to_dict_handles_datetime" time="0.001" /><testcase classname="tests.test_database_base.TestBaseModel" name="test_repr" time="0.001" /><testcase classname="tests.test_database_base.TestBaseModel" name="test_repr_string_primary_key" time="0.005" /><testcase classname="tests.test_database_base.TestTimestampMixin" name="test_timestamp_mixin_fields_exist" time="0.001" /><testcase classname="tests.test_database_base.TestTimestampMixin" name="test_timestamp_fields_in_to_dict" time="0.001" /><testcase classname="tests.test_database_base.TestDatabaseConnection" name="test_get_db_yields_session" time="0.001" /><testcase classname="tests.test_database_base.TestDatabaseConnection" name="test_session_local_creates_session" time="0.001" /><testcase classname="tests.test_database_base.TestDatabaseConnection" name="test_get_db_info_returns_connection_details" time="0.001" /><testcase classname="tests.test_database_base.TestDatabaseConnection" name="test_get_db_context_manager" time="0.001" /><testcase classname="tests.test_database_base.TestDatabaseConnection" name="test_database_url_from_env" time="0.001" /><testcase classname="tests.test_database_base" name="test_base_declarative_base" time="0.002" /><testcase classname="tests.test_document_crud.TestCreateDocument" name="test_create_document_success" time="0.031" /><testcase classname="tests.test_document_crud.TestCreateDocument" name="test_create_document_minimal_fields" time="0.030" /><testcase classname="tests.test_document_crud.TestCreateDocument" name="test_create_document_invalid_status" time="0.026" /><testcase classname="tests.test_document_crud.TestCreateDocument" name="test_create_document_missing_required_fields" time="0.019" /><testcase classname="tests.test_document_crud.TestListDocuments" name="test_list_documents_empty" time="0.022" /><testcase classname="tests.test_document_crud.TestListDocuments" name="test_list_documents_with_data" time="0.051" /><testcase classname="tests.test_document_crud.TestListDocuments" name="test_list_documents_pagination" time="0.131" /><testcase classname="tests.test_document_crud.TestListDocuments" name="test_list_documents_filter_by_type" time="0.046" /><testcase classname="tests.test_document_crud.TestListDocuments" name="test_list_documents_filter_by_status" time="0.152" /><testcase classname="tests.test_document_crud.TestListDocuments" name="test_list_documents_filter_by_user" time="0.047" /><testcase classname="tests.test_document_crud.TestGetDocument" name="test_get_document_success" time="0.037" /><testcase classname="tests.test_document_crud.TestGetDocument" name="test_get_document_not_found" time="0.021" /><testcase classname="tests.test_document_crud.TestUpdateDocument" name="test_update_document_success" time="0.042" /><testcase classname="tests.test_document_crud.TestUpdateDocument" name="test_update_document_partial" time="0.040" /><testcase classname="tests.test_document_crud.TestUpdateDocument" name="test_update_document_not_found" time="0.021" /><testcase classname="tests.test_document_crud.TestUpdateDocument" name="test_update_document_invalid_status" time="0.036" /><testcase classname="tests.test_document_crud.TestDeleteDocument" name="test_delete_document_success" time="0.056" /><testcase classname="tests.test_document_crud.TestDeleteDocument" name="test_delete_document_not_found" time="0.025" /><testcase classname="tests.test_document_crud.TestDocumentVersioning" name="test_version_increments_on_update" time="0.047" /><testcase classname="tests.test_document_crud.TestDocumentVersioning" name="test_new_document_starts_at_version_1" time="0.031" /><testcase classname="tests.test_hierarchy_traversal.TestGetAncestors" name="test_get_ancestors_full_hierarchy" time="0.041" /><testcase classname="tests.test_hierarchy_traversal.TestGetAncestors" name="test_get_ancestors_mid_hierarchy" time="0.040" /><testcase classname="tests.test_hierarchy_traversal.TestGetAncestors" name="test_get_ancestors_no_parents" time="0.044" /><testcase classname="tests.test_hierarchy_traversal.TestGetAncestors" name="test_get_ancestors_with_max_depth" time="0.041" /><testcase classname="tests.test_hierarchy_traversal.TestGetAncestors" name="test_get_ancestors_nonexistent_document" time="0.011" /><testcase classname="tests.test_hierarchy_traversal.TestGetDescendants" name="test_get_descendants_full_hierarchy" time="0.041" /><testcase classname="tests.test_hierarchy_traversal.TestGetDescendants" name="test_get_descendants_immediate_children" time="0.043" /><testcase classname="tests.test_hierarchy_traversal.TestGetDescendants" name="test_get_descendants_no_children" time="0.041" /><testcase classname="tests.test_hierarchy_traversal.TestGetDescendants" name="test_get_descendants_mid_hierarchy" time="0.040" /><testcase classname="tests.test_hierarchy_traversal.TestGetDescendants" name="test_get_descendants_multiple_children" time="0.048" /><testcase classname="tests.test_hierarchy_traversal.TestGetBreadcrumb" name="test_breadcrumb_full_path" time="0.045" /><testcase classname="tests.test_hierarchy_traversal.TestGetBreadcrumb" name="test_breadcrumb_custom_separator" time="0.043" /><testcase classname="tests.test_hierarchy_traversal.TestGetBreadcrumb" name="test_breadcrumb_with_ids" time="0.041" /><testcase classname="tests.test_hierarchy_traversal.TestGetBreadcrumb" name="test_breadcrumb_root_document" time="0.040" /><testcase classname="tests.test_hierarchy_traversal.TestGetBreadcrumb" name="test_breadcrumb_mid_hierarchy" time="0.045" /><testcase classname="tests.test_hierarchy_traversal.TestGetBreadcrumb" name="test_breadcrumb_nonexistent_document" time="0.013" /><testcase classname="tests.test_hierarchy_traversal.TestGetBreadcrumbWithDetails" name="test_breadcrumb_details_full_path" time="0.042" /><testcase classname="tests.test_hierarchy_traversal.TestGetBreadcrumbWithDetails" name="test_breadcrumb_details_root_document" time="0.039" /><testcase classname="tests.test_hierarchy_traversal.TestGetBreadcrumbWithDetails" name="test_breadcrumb_details_nonexistent_document" time="0.014" /><testcase classname="tests.test_hierarchy_traversal.TestComplexHierarchies" name="test_wide_hierarchy" time="0.061" /><testcase classname="tests.test_hierarchy_traversal.TestComplexHierarchies" name="test_deep_hierarchy" time="0.058" /><testcase classname="tests.test_models_core.TestUserModel" name="test_create_user" time="0.014" /><testcase classname="tests.test_models_core.TestUserModel" name="test_email_lowercase_validation" time="0.014" /><testcase classname="tests.test_models_core.TestUserModel" name="test_invalid_email_format" time="0.001" /><testcase classname="tests.test_models_core.TestUserModel" name="test_invalid_role" time="0.001" /><testcase classname="tests.test_models_core.TestUserModel" name="test_valid_roles" time="0.017" /><testcase classname="tests.test_models_core.TestUserModel" name="test_unique_username" time="0.013" /><testcase classname="tests.test_models_core.TestUserModel" name="test_user_repr" time="0.001" /><testcase classname="tests.test_models_core.TestDocumentTypeModel" name="test_create_document_type" time="0.014" /><testcase classname="tests.test_models_core.TestDocumentTypeModel" name="test_type_name_validation" time="0.001" /><testcase classname="tests.test_models_core.TestDocumentTypeModel" name="test_workflow_step_count" time="0.014" /><testcase classname="tests.test_models_core.TestDocumentTypeModel" name="test_get_workflow_step" time="0.014" /><testcase classname="tests.test_models_core.TestDocumentTypeModel" name="test_get_workflow_step_not_found" time="0.014" /><testcase classname="tests.test_models_core.TestDocumentTypeModel" name="test_is_parent_allowed" time="0.014" /><testcase classname="tests.test_models_core.TestDocumentTypeModel" name="test_is_persona_allowed" time="0.017" /><testcase classname="tests.test_models_core.TestDocumentModel" name="test_create_document" time="0.020" /><testcase classname="tests.test_models_core.TestDocumentModel" name="test_status_validation" time="0.001" /><testcase classname="tests.test_models_core.TestDocumentModel" name="test_valid_statuses" time="0.027" /><testcase classname="tests.test_models_core.TestDocumentModel" name="test_version_validation" time="0.001" /><testcase classname="tests.test_models_core.TestDocumentModel" name="test_metadata_operations" time="0.019" /><testcase classname="tests.test_models_core.TestDocumentModel" name="test_helper_methods" time="0.019" /><testcase classname="tests.test_models_core" name="test_user_document_relationship" time="0.021" /><testcase classname="tests.test_models_core" name="test_document_type_invalid_workflow_steps" time="0.001" /><testcase classname="tests.test_models_core" name="test_document_type_name_with_invalid_chars" time="0.001" /><testcase classname="tests.test_models_core" name="test_document_get_domain_model_value" time="0.020" /><testcase classname="tests.test_models_core" name="test_document_is_draft" time="0.022" /><testcase classname="tests.test_models_embedding.TestDocumentEmbeddingModel" name="test_create_embedding" time="0.024" /><testcase classname="tests.test_models_embedding.TestDocumentEmbeddingModel" name="test_chunk_index_validation" time="0.001" /><testcase classname="tests.test_models_embedding.TestDocumentEmbeddingModel" name="test_chunk_text_validation" time="0.001" /><testcase classname="tests.test_models_embedding.TestDocumentEmbeddingModel" name="test_chunk_text_whitespace_validation" time="0.001" /><testcase classname="tests.test_models_embedding.TestDocumentEmbeddingModel" name="test_unique_document_chunk_constraint" time="0.023" /><testcase classname="tests.test_models_embedding.TestDocumentEmbeddingModel" name="test_multiple_chunks_same_document" time="0.024" /><testcase classname="tests.test_models_embedding.TestDocumentEmbeddingModel" name="test_get_metadata_value" time="0.023" /><testcase classname="tests.test_models_embedding.TestDocumentEmbeddingModel" name="test_set_metadata_value" time="0.026" /><testcase classname="tests.test_models_embedding.TestDocumentEmbeddingModel" name="test_get_embedding_dimension" time="0.021" /><testcase classname="tests.test_models_embedding.TestDocumentEmbeddingModel" name="test_embedding_repr" time="0.023" /><testcase classname="tests.test_models_embedding.TestDocumentEmbeddingModel" name="test_embedding_relationship" time="0.024" /><testcase classname="tests.test_models_embedding" name="test_cascade_delete" time="0.032" /><testcase classname="tests.test_models_relationships.TestDocumentRelationshipModel" name="test_create_relationship" time="0.028" /><testcase classname="tests.test_models_relationships.TestDocumentRelationshipModel" name="test_relationship_type_validation" time="0.001" /><testcase classname="tests.test_models_relationships.TestDocumentRelationshipModel" name="test_valid_relationship_types" time="0.034" /><testcase classname="tests.test_models_relationships.TestDocumentRelationshipModel" name="test_unique_constraint" time="0.025" /><testcase classname="tests.test_models_relationships.TestDocumentRelationshipModel" name="test_relationship_back_populates" time="0.026" /><testcase classname="tests.test_models_relationships.TestConversationModel" name="test_create_conversation" time="0.025" /><testcase classname="tests.test_models_relationships.TestConversationModel" name="test_add_message" time="0.025" /><testcase classname="tests.test_models_relationships.TestConversationModel" name="test_get_current_step" time="0.027" /><testcase classname="tests.test_models_relationships.TestConversationModel" name="test_update_workflow_state" time="0.024" /><testcase classname="tests.test_models_relationships.TestConversationModel" name="test_get_message_count" time="0.024" /><testcase classname="tests.test_models_relationships.TestConversationModel" name="test_unique_user_document_constraint" time="0.023" /><testcase classname="tests.test_models_relationships.TestDocumentVersionModel" name="test_create_version" time="0.025" /><testcase classname="tests.test_models_relationships.TestDocumentVersionModel" name="test_version_validation" time="0.001" /><testcase classname="tests.test_models_relationships.TestDocumentVersionModel" name="test_unique_document_version_constraint" time="0.028" /><testcase classname="tests.test_models_relationships.TestDocumentVersionModel" name="test_get_domain_model_value" time="0.024" /><testcase classname="tests.test_models_relationships.TestDocumentVersionModel" name="test_version_relationship" time="0.025" /><testcase classname="tests.test_models_relationships" name="test_conversation_relationship" time="0.026" /><testcase classname="tests.test_relationship_service.TestRelationshipCreation" name="test_create_valid_relationship" time="0.031" /><testcase classname="tests.test_relationship_service.TestRelationshipCreation" name="test_create_relationship_invalid_parent" time="0.160" /><testcase classname="tests.test_relationship_service.TestRelationshipCreation" name="test_create_relationship_invalid_child" time="0.024" /><testcase classname="tests.test_relationship_service.TestRelationshipCreation" name="test_create_self_referencing_relationship" time="0.024" /><testcase classname="tests.test_relationship_service.TestRelationshipCreation" name="test_create_relationship_wrong_parent_type" time="0.027" /><testcase classname="tests.test_relationship_service.TestRelationshipCreation" name="test_create_duplicate_relationship" time="0.037" /><testcase classname="tests.test_relationship_service.TestRelationshipCreation" name="test_create_circular_dependency" time="0.038" /><testcase classname="tests.test_relationship_service.TestRelationshipRead" name="test_get_relationship_by_id" time="0.033" /><testcase classname="tests.test_relationship_service.TestRelationshipRead" name="test_get_nonexistent_relationship" time="0.013" /><testcase classname="tests.test_relationship_service.TestRelationshipRead" name="test_get_relationships_by_parent" time="0.036" /><testcase classname="tests.test_relationship_service.TestRelationshipRead" name="test_get_relationships_by_child" time="0.042" /><testcase classname="tests.test_relationship_service.TestRelationshipUpdate" name="test_update_relationship_type" time="0.033" /><testcase classname="tests.test_relationship_service.TestRelationshipUpdate" name="test_update_relationship_invalid_type" time="0.033" /><testcase classname="tests.test_relationship_service.TestRelationshipUpdate" name="test_update_nonexistent_relationship" time="0.013" /><testcase classname="tests.test_relationship_service.TestRelationshipDelete" name="test_delete_relationship" time="0.037" /><testcase classname="tests.test_relationship_service.TestRelationshipDelete" name="test_delete_nonexistent_relationship" time="0.013" /><testcase classname="tests.test_relationship_service.TestBulkOperations" name="test_create_bulk_relationships_success" time="0.037" /><testcase classname="tests.test_relationship_service.TestBulkOperations" name="test_create_bulk_relationships_with_failure" time="0.029" /><testcase classname="tests.test_relationship_service.TestCircularDependencyDetection" name="test_deep_circular_dependency" time="0.045" /><testcase classname="tests.test_relationship_service.TestCircularDependencyDetection" name="test_no_circular_dependency_different_branches" time="0.050" /><testcase classname="tests.test_relationships.TestRelationshipCRUD" name="test_create_relationship_success" time="0.051" /><testcase classname="tests.test_relationships.TestRelationshipCRUD" name="test_create_relationship_circular_dependency" time="0.071" /><testcase classname="tests.test_relationships.TestRelationshipCRUD" name="test_get_relationship" time="0.059" /><testcase classname="tests.test_relationships.TestRelationshipCRUD" name="test_get_relationship_not_found" time="0.022" /><testcase classname="tests.test_relationships.TestRelationshipCRUD" name="test_delete_relationship" time="0.067" /><testcase classname="tests.test_relationships.TestHierarchyEndpoints" name="test_get_ancestors" time="0.084" /><testcase classname="tests.test_relationships.TestHierarchyEndpoints" name="test_get_descendants" time="0.072" /><testcase classname="tests.test_relationships.TestHierarchyEndpoints" name="test_get_breadcrumb" time="0.074" /><testcase classname="tests.test_relationships.TestHierarchyEndpoints" name="test_get_context" time="0.074" /><testcase classname="tests.test_relationships.TestHierarchyEndpoints" name="test_mark_descendants" time="0.077" /><testcase classname="tests.test_relationships.TestHierarchyEndpoints" name="test_ancestors_not_found" time="0.022" /><testcase classname="tests.test_relationships.TestHierarchyEndpoints" name="test_breadcrumb_no_parents" time="0.041" /><testcase classname="tests.test_ripple_effect_context.TestMarkDescendantsForReview" name="test_mark_all_descendants" time="0.046" /><testcase classname="tests.test_ripple_effect_context.TestMarkDescendantsForReview" name="test_mark_descendants_with_depth_limit" time="0.046" /><testcase classname="tests.test_ripple_effect_context.TestMarkDescendantsForReview" name="test_mark_descendants_no_children" time="0.043" /><testcase classname="tests.test_ripple_effect_context.TestMarkDescendantsForReview" name="test_mark_descendants_mid_hierarchy" time="0.045" /><testcase classname="tests.test_ripple_effect_context.TestMarkDescendantsForReview" name="test_mark_descendants_preserves_existing_metadata" time="0.046" /><testcase classname="tests.test_ripple_effect_context.TestGetParentContext" name="test_get_full_parent_context" time="0.043" /><testcase classname="tests.test_ripple_effect_context.TestGetParentContext" name="test_get_parent_context_no_parents" time="0.044" /><testcase classname="tests.test_ripple_effect_context.TestGetParentContext" name="test_get_parent_context_mid_hierarchy" time="0.041" /><testcase classname="tests.test_ripple_effect_context.TestGetParentContext" name="test_get_parent_context_truncates_long_content" time="0.044" /><testcase classname="tests.test_ripple_effect_context.TestGetParentContext" name="test_get_parent_context_handles_none_content" time="0.047" /><testcase classname="tests.test_ripple_effect_context.TestGetParentContext" name="test_get_parent_context_formatting" time="0.043" /><testcase classname="tests.test_ripple_effect_context.TestEdgeCases" name="test_mark_descendants_nonexistent_document" time="0.012" /><testcase classname="tests.test_ripple_effect_context.TestEdgeCases" name="test_get_parent_context_nonexistent_document" time="0.012" /><testcase classname="tests.test_ripple_effect_context.TestEdgeCases" name="test_mark_descendants_multiple_times" time="0.049" /><testcase classname="tests.unit.mock_adapters.test_mock_embeddings" name="test_mock_embeddings_initialization" time="3.491" /><testcase classname="tests.unit.mock_adapters.test_mock_embeddings" name="test_embed_query_returns_vector" time="3.615" /><testcase classname="tests.unit.mock_adapters.test_mock_embeddings" name="test_embed_documents_returns_list_of_vectors" time="3.507" /><testcase classname="tests.unit.mock_adapters.test_mock_embeddings" name="test_embed_same_text_returns_same_vector" time="3.470" /><testcase classname="tests.unit.mock_adapters.test_mock_embeddings" name="test_embed_different_texts_return_different_vectors" time="3.524" /><testcase classname="tests.unit.mock_adapters.test_mock_embeddings" name="test_embed_empty_string" time="3.541" /><testcase classname="tests.unit.mock_adapters.test_mock_embeddings" name="test_async_embed_query" time="3.484" /><testcase classname="tests.unit.mock_adapters.test_mock_embeddings" name="test_async_embed_documents" time="3.487" /><testcase classname="tests.unit.mock_adapters.test_mock_embeddings" name="test_fixture_lookup_by_text" time="3.493" /><testcase classname="tests.unit.test_chat_service.TestChatService" name="test_chat_service_initialization_default" time="0.396" /><testcase classname="tests.unit.test_chat_service.TestChatService" name="test_chat_service_initialization_custom" time="0.003" /><testcase classname="tests.unit.test_chat_service.TestChatService" name="test_chat_service_uses_env_api_key" time="0.002" /><testcase classname="tests.unit.test_chat_service.TestChatService" name="test_get_conversation_memory_default_connection" time="0.003" /><testcase classname="tests.unit.test_chat_service.TestChatService" name="test_get_conversation_memory_custom_connection" time="0.003" /><testcase classname="tests.unit.test_chat_service.TestChatService" name="test_get_conversation_memory_returns_history_instance" time="0.003" /><testcase classname="tests.unit.test_conversation_chain_service.TestConversationChainService" name="test_service_initialization_default" time="0.002" /><testcase classname="tests.unit.test_conversation_chain_service.TestConversationChainService" name="test_service_initialization_custom" time="0.002" /><testcase classname="tests.unit.test_conversation_chain_service.TestConversationChainService" name="test_create_chain_with_default_connection" time="0.005" /><testcase classname="tests.unit.test_conversation_chain_service.TestConversationChainService" name="test_create_chain_with_custom_connection" time="0.004" /><testcase classname="tests.unit.test_conversation_chain_service.TestConversationChainService" name="test_create_chain_configures_llm" time="0.005" /><testcase classname="tests.unit.test_conversation_chain_service.TestConversationChainService" name="test_stream_response" time="0.007" /><testcase classname="tests.unit.test_conversation_chain_service.TestConversationChainService" name="test_get_conversation_history" time="0.003" /><testcase classname="tests.unit.test_conversation_chain_service.TestConversationChainService" name="test_get_conversation_history_uses_env_database_url" time="0.003" /><testcase classname="tests.unit.test_conversation_chain_service_with_tracking.TestConversationChainServiceWithTracking" name="test_init" time="0.003" /><testcase classname="tests.unit.test_conversation_chain_service_with_tracking.TestConversationChainServiceWithTracking" name="test_create_chain" time="0.049" /><testcase classname="tests.unit.test_conversation_chain_service_with_tracking.TestConversationChainServiceWithTracking" name="test_record_metric" time="0.004" /><testcase classname="tests.unit.test_conversation_chain_service_with_tracking.TestConversationChainServiceWithTracking" name="test_record_metric_with_error" time="0.004" /><testcase classname="tests.unit.test_conversation_chain_service_with_tracking.TestConversationChainServiceWithTracking" name="test_stream_response_tracks_tokens" time="0.009" /><testcase classname="tests.unit.test_conversation_chain_service_with_tracking.TestConversationChainServiceWithTracking" name="test_stream_response_handles_rate_limit" time="0.009" /><testcase classname="tests.unit.test_conversation_chain_service_with_tracking.TestConversationChainServiceWithTracking" name="test_invoke_with_tracking" time="0.008" /><testcase classname="tests.unit.test_conversation_chain_service_with_tracking.TestConversationChainServiceWithTracking" name="test_invoke_with_tracking_handles_timeout" time="0.008" /><testcase classname="tests.unit.test_conversation_chain_service_with_tracking.TestConversationChainServiceWithTracking" name="test_get_conversation_history" time="0.006" /><testcase classname="tests.unit.test_conversation_metric.TestConversationMetric" name="test_create_metric" time="0.001" /><testcase classname="tests.unit.test_conversation_metric.TestConversationMetric" name="test_create_metric_with_error" time="0.001" /><testcase classname="tests.unit.test_conversation_metric.TestConversationMetric" name="test_has_error_property" time="0.001" /><testcase classname="tests.unit.test_conversation_metric.TestConversationMetric" name="test_to_dict" time="0.001" /><testcase classname="tests.unit.test_conversation_metric.TestConversationMetric" name="test_repr" time="0.001" /><testcase classname="tests.unit.test_embedding_service.TestEmbeddingService" name="test_init_default_params" time="0.046" /><testcase classname="tests.unit.test_embedding_service.TestEmbeddingService" name="test_init_custom_params" time="0.045" /><testcase classname="tests.unit.test_embedding_service.TestEmbeddingService" name="test_chunk_text_small_document" time="0.052" /><testcase classname="tests.unit.test_embedding_service.TestEmbeddingService" name="test_chunk_text_large_document" time="0.046" /><testcase classname="tests.unit.test_embedding_service.TestEmbeddingService" name="test_embed_text_success" time="0.003" /><testcase classname="tests.unit.test_embedding_service.TestEmbeddingService" name="test_embed_text_rate_limit_error" time="0.008" /><testcase classname="tests.unit.test_embedding_service.TestEmbeddingService" name="test_embed_text_api_error" time="0.004" /><testcase classname="tests.unit.test_embedding_service.TestEmbeddingService" name="test_embed_document_single_chunk" time="0.003" /><testcase classname="tests.unit.test_embedding_service.TestEmbeddingService" name="test_embed_document_multiple_chunks" time="0.003" /><testcase classname="tests.unit.test_embedding_service.TestEmbeddingService" name="test_embed_document_with_retry_on_rate_limit" time="8.007" /><testcase classname="tests.unit.test_embedding_service.TestEmbeddingService" name="test_embed_document_exhausts_retries" time="8.006" /><testcase classname="tests.unit.test_embedding_service.TestEmbeddingService" name="test_get_chunk_config" time="0.045" /><testcase classname="tests.unit.test_embedding_service.TestEmbeddingService" name="test_get_model_info" time="0.045" /><testcase classname="tests.unit.test_embedding_service.TestEmbeddingService" name="test_embed_document_returns_chunk_embedding_pairs" time="0.182" /></testsuite></testsuites>